<?xml version="1.0" encoding="UTF-8"?>
<!-- Generated by org.testng.reporters.JUnitXMLReporter -->
<testsuite ignored="7" hostname="DESKTOP-DQ56HI0" failures="0" tests="1" name="Default test" time="23.399" errors="0" timestamp="2020-05-07T10:39:58 AEST">
  <testcase classname="TestCases.MyAccountPageTest" name="ClickOnWomenActivewearPage" time="6.478"/>
  <testcase classname="TestCases.MyAccountPageTest" name="ClickOnHomePage" time="0.0">
    <ignored/>
  </testcase> <!-- ClickOnHomePage -->
  <testcase classname="TestCases.MyAccountPageTest" name="MyaccountpageTitleTest" time="0.0">
    <ignored/>
  </testcase> <!-- MyaccountpageTitleTest -->
  <testcase classname="TestCases.MyAccountPageTest" name="ClickOnMyOrderDetailsPage" time="0.0">
    <ignored/>
  </testcase> <!-- ClickOnMyOrderDetailsPage -->
  <testcase classname="TestCases.MyAccountPageTest" name="ClickOnMyPaymentDetailsPage" time="0.0">
    <ignored/>
  </testcase> <!-- ClickOnMyPaymentDetailsPage -->
  <testcase classname="TestCases.MyAccountPageTest" name="logoTest" time="0.0">
    <ignored/>
  </testcase> <!-- logoTest -->
  <testcase classname="TestCases.MyAccountPageTest" name="ClickOnMyAddressDetailsPage" time="0.0">
    <ignored/>
  </testcase> <!-- ClickOnMyAddressDetailsPage -->
  <testcase classname="TestCases.MyAccountPageTest" name="ClickOnMyPersonalDetailsPage" time="0.0">
    <ignored/>
  </testcase> <!-- ClickOnMyPersonalDetailsPage -->
</testsuite> <!-- Default test -->
