<?xml version="1.0" encoding="UTF-8"?>
<!-- Generated by org.testng.reporters.JUnitXMLReporter -->
<testsuite ignored="0" hostname="DESKTOP-DQ56HI0" failures="0" tests="3" name="Test Cases" time="40.419" errors="0" timestamp="2020-05-07T11:37:30 AEST">
  <testcase classname="TestCases.LoginPageTest" name="LoginpageTitleTest" time="1.122"/>
  <testcase classname="TestCases.LoginPageTest" name="logoTest" time="1.141"/>
  <testcase classname="TestCases.LoginPageTest" name="loginTest" time="5.149"/>
</testsuite> <!-- Test Cases -->
