<?xml version="1.0" encoding="UTF-8"?>
<testng-results ignored="0" total="3" passed="3" failed="0" skipped="0">
  <reporter-output>
  </reporter-output>
  <suite started-at="2020-05-07T11:36:49 AEST" name="Target Test Automation" finished-at="2020-05-07T11:37:30 AEST" duration-ms="40419">
    <groups>
    </groups>
    <test started-at="2020-05-07T11:36:49 AEST" name="Test Cases" finished-at="2020-05-07T11:37:30 AEST" duration-ms="40419">
      <class name="TestCases.LoginPageTest">
        <test-method is-config="true" signature="setUp()[pri:0, instance:TestCases.LoginPageTest@1fe20588]" started-at="2020-05-07T11:36:49 AEST" name="setUp" finished-at="2020-05-07T11:37:01 AEST" duration-ms="11436" status="PASS">
          <reporter-output>
          </reporter-output>
        </test-method> <!-- setUp -->
        <test-method signature="LoginpageTitleTest()[pri:1, instance:TestCases.LoginPageTest@1fe20588]" started-at="2020-05-07T11:37:01 AEST" name="LoginpageTitleTest" finished-at="2020-05-07T11:37:02 AEST" duration-ms="1122" status="PASS">
          <reporter-output>
          </reporter-output>
        </test-method> <!-- LoginpageTitleTest -->
        <test-method is-config="true" signature="tearDown()[pri:0, instance:TestCases.LoginPageTest@1fe20588]" started-at="2020-05-07T11:37:02 AEST" name="tearDown" finished-at="2020-05-07T11:37:03 AEST" duration-ms="770" status="PASS">
          <reporter-output>
          </reporter-output>
        </test-method> <!-- tearDown -->
        <test-method is-config="true" signature="setUp()[pri:0, instance:TestCases.LoginPageTest@1fe20588]" started-at="2020-05-07T11:37:03 AEST" name="setUp" finished-at="2020-05-07T11:37:12 AEST" duration-ms="9175" status="PASS">
          <reporter-output>
          </reporter-output>
        </test-method> <!-- setUp -->
        <test-method signature="logoTest()[pri:2, instance:TestCases.LoginPageTest@1fe20588]" started-at="2020-05-07T11:37:12 AEST" name="logoTest" finished-at="2020-05-07T11:37:13 AEST" duration-ms="1141" status="PASS">
          <reporter-output>
          </reporter-output>
        </test-method> <!-- logoTest -->
        <test-method is-config="true" signature="tearDown()[pri:0, instance:TestCases.LoginPageTest@1fe20588]" started-at="2020-05-07T11:37:13 AEST" name="tearDown" finished-at="2020-05-07T11:37:14 AEST" duration-ms="717" status="PASS">
          <reporter-output>
          </reporter-output>
        </test-method> <!-- tearDown -->
        <test-method is-config="true" signature="setUp()[pri:0, instance:TestCases.LoginPageTest@1fe20588]" started-at="2020-05-07T11:37:14 AEST" name="setUp" finished-at="2020-05-07T11:37:23 AEST" duration-ms="9521" status="PASS">
          <reporter-output>
          </reporter-output>
        </test-method> <!-- setUp -->
        <test-method signature="loginTest()[pri:3, instance:TestCases.LoginPageTest@1fe20588]" started-at="2020-05-07T11:37:23 AEST" name="loginTest" finished-at="2020-05-07T11:37:28 AEST" duration-ms="5149" status="PASS">
          <reporter-output>
          </reporter-output>
        </test-method> <!-- loginTest -->
        <test-method is-config="true" signature="tearDown()[pri:0, instance:TestCases.LoginPageTest@1fe20588]" started-at="2020-05-07T11:37:28 AEST" name="tearDown" finished-at="2020-05-07T11:37:30 AEST" duration-ms="1302" status="PASS">
          <reporter-output>
          </reporter-output>
        </test-method> <!-- tearDown -->
      </class> <!-- TestCases.LoginPageTest -->
    </test> <!-- Test Cases -->
  </suite> <!-- Target Test Automation -->
</testng-results>
